Build started 2/10/2014 5:46:28 PM.
     1>Project "C:\Users\pmiller\Documents\Visual Studio 2010\Projects\Chess\Example.vcxproj" on node 2 (build target(s)).
     1>InitializeBuildStatus:
         Touching "Debug\Example.unsuccessfulbuild".
       ClCompile:
         C:\Program Files (x86)\Microsoft Visual Studio 10.0\VC\bin\CL.exe /c /I"C:\Program Files (x86)\Microsoft DirectX SDK (June 2010)\include" /I..\Evo\src /Zi /nologo /W3 /WX- /Od /Oy- /D EVO_RENDERER_DX9 /D WIN32 /D _DEBUG /D _WINDOWS /Gm /EHsc /RTC1 /MDd /GS /fp:precise /Zc:wchar_t /Zc:forScope /Fo"Debug\\" /Fd"Debug\vc100.pdb" /Gd /TP /analyze- /errorReport:prompt Src\AIPlayer.cpp
         AIPlayer.cpp
       ManifestResourceCompile:
         All outputs are up-to-date.
       Link:
         C:\Program Files (x86)\Microsoft Visual Studio 10.0\VC\bin\link.exe /ERRORREPORT:PROMPT /OUT:"C:\Users\pmiller\Documents\Visual Studio 2010\Projects\Chess\Debug\Example.exe" /INCREMENTAL /NOLOGO /LIBPATH:..\Evo\lib\ /LIBPATH:"C:\Program Files (x86)\Microsoft DirectX SDK (June 2010)\lib\x86" winmm.lib dxguid.lib d3d9.lib dinput8.lib d3dx9.lib EVO.lib kernel32.lib user32.lib gdi32.lib winspool.lib comdlg32.lib advapi32.lib shell32.lib ole32.lib oleaut32.lib uuid.lib odbc32.lib odbccp32.lib kernel32.lib user32.lib gdi32.lib winspool.lib comdlg32.lib advapi32.lib shell32.lib ole32.lib oleaut32.lib uuid.lib odbc32.lib odbccp32.lib /MANIFEST /ManifestFile:"Debug\Example.exe.intermediate.manifest" /MANIFESTUAC:"level='asInvoker' uiAccess='false'" /DEBUG /PDB:"C:\Users\pmiller\Documents\Visual Studio 2010\Projects\Chess\Debug\Example.pdb" /SUBSYSTEM:WINDOWS /TLBID:1 /DYNAMICBASE /NXCOMPAT /IMPLIB:"C:\Users\pmiller\Documents\Visual Studio 2010\Projects\Chess\Debug\Example.lib" /MACHINE:X86 Debug\Example.exe.embed.manifest.res
         Debug\AIPlayer.obj
         Debug\Bishop.obj
         Debug\Game.obj
         Debug\Gameboard.obj
         Debug\HumanPlayer.obj
         Debug\King.obj
         Debug\Knight.obj
         Debug\Main.obj
         Debug\Player.obj
         Debug\Pawn.obj
         Debug\Queen.obj
         Debug\Rook.obj
         Debug\stdafx.obj
         Debug\Tile.obj
         Debug\Piece.obj
       Manifest:
         C:\Program Files (x86)\Microsoft SDKs\Windows\v7.0A\bin\mt.exe /nologo /verbose /out:"Debug\Example.exe.embed.manifest" /manifest Debug\Example.exe.intermediate.manifest
         All outputs are up-to-date.
       LinkEmbedManifest:
         All outputs are up-to-date.
         Example.vcxproj -> C:\Users\pmiller\Documents\Visual Studio 2010\Projects\Chess\Debug\Example.exe
       FinalizeBuildStatus:
         Deleting file "Debug\Example.unsuccessfulbuild".
         Touching "Debug\Example.lastbuildstate".
     1>Done Building Project "C:\Users\pmiller\Documents\Visual Studio 2010\Projects\Chess\Example.vcxproj" (build target(s)).

Build succeeded.

Time Elapsed 00:00:02.12
