C:\USERS\PMILLER\DOCUMENTS\VISUAL STUDIO 2010\PROJECTS\CHESS\DEBUG\BISHOP.OBJ
C:\Users\pmiller\Documents\Visual Studio 2010\Projects\Chess\Debug\cl.command.1.tlog
C:\Users\pmiller\Documents\Visual Studio 2010\Projects\Chess\Debug\CL.read.1.tlog
C:\Users\pmiller\Documents\Visual Studio 2010\Projects\Chess\Debug\CL.write.1.tlog
C:\USERS\PMILLER\DOCUMENTS\VISUAL STUDIO 2010\PROJECTS\CHESS\DEBUG\EXAMPLE.EXE
C:\USERS\PMILLER\DOCUMENTS\VISUAL STUDIO 2010\PROJECTS\CHESS\DEBUG\EXAMPLE.EXE.EMBED.MANIFEST
C:\USERS\PMILLER\DOCUMENTS\VISUAL STUDIO 2010\PROJECTS\CHESS\DEBUG\EXAMPLE.EXE.EMBED.MANIFEST.RES
C:\USERS\PMILLER\DOCUMENTS\VISUAL STUDIO 2010\PROJECTS\CHESS\DEBUG\EXAMPLE.EXE.INTERMEDIATE.MANIFEST
C:\USERS\PMILLER\DOCUMENTS\VISUAL STUDIO 2010\PROJECTS\CHESS\DEBUG\EXAMPLE.ILK
C:\USERS\PMILLER\DOCUMENTS\VISUAL STUDIO 2010\PROJECTS\CHESS\DEBUG\EXAMPLE.PDB
C:\Users\pmiller\Documents\Visual Studio 2010\Projects\Chess\Debug\Example_manifest.rc
C:\USERS\PMILLER\DOCUMENTS\VISUAL STUDIO 2010\PROJECTS\CHESS\DEBUG\GAME.OBJ
C:\USERS\PMILLER\DOCUMENTS\VISUAL STUDIO 2010\PROJECTS\CHESS\DEBUG\GAMEBOARD.OBJ
C:\USERS\PMILLER\DOCUMENTS\VISUAL STUDIO 2010\PROJECTS\CHESS\DEBUG\KING.OBJ
C:\USERS\PMILLER\DOCUMENTS\VISUAL STUDIO 2010\PROJECTS\CHESS\DEBUG\KNIGHT.OBJ
C:\Users\pmiller\Documents\Visual Studio 2010\Projects\Chess\Debug\link.8368.read.1.tlog
C:\Users\pmiller\Documents\Visual Studio 2010\Projects\Chess\Debug\link.8368.read.2.tlog
C:\Users\pmiller\Documents\Visual Studio 2010\Projects\Chess\Debug\link.8368.write.1.tlog
C:\Users\pmiller\Documents\Visual Studio 2010\Projects\Chess\Debug\link.8368-cvtres.read.1.tlog
C:\Users\pmiller\Documents\Visual Studio 2010\Projects\Chess\Debug\link.8368-cvtres.write.1.tlog
C:\Users\pmiller\Documents\Visual Studio 2010\Projects\Chess\Debug\link.command.1.tlog
C:\Users\pmiller\Documents\Visual Studio 2010\Projects\Chess\Debug\link.read.1.tlog
C:\Users\pmiller\Documents\Visual Studio 2010\Projects\Chess\Debug\link.read.2.tlog
C:\Users\pmiller\Documents\Visual Studio 2010\Projects\Chess\Debug\link.write.1.tlog
C:\Users\pmiller\Documents\Visual Studio 2010\Projects\Chess\Debug\link-cvtres.read.1.tlog
C:\Users\pmiller\Documents\Visual Studio 2010\Projects\Chess\Debug\link-cvtres.write.1.tlog
C:\USERS\PMILLER\DOCUMENTS\VISUAL STUDIO 2010\PROJECTS\CHESS\DEBUG\MAIN.OBJ
C:\Users\pmiller\Documents\Visual Studio 2010\Projects\Chess\Debug\mt.command.1.tlog
C:\Users\pmiller\Documents\Visual Studio 2010\Projects\Chess\Debug\mt.read.1.tlog
C:\Users\pmiller\Documents\Visual Studio 2010\Projects\Chess\Debug\mt.write.1.tlog
C:\USERS\PMILLER\DOCUMENTS\VISUAL STUDIO 2010\PROJECTS\CHESS\DEBUG\PAWN.OBJ
C:\USERS\PMILLER\DOCUMENTS\VISUAL STUDIO 2010\PROJECTS\CHESS\DEBUG\PIECE.OBJ
C:\USERS\PMILLER\DOCUMENTS\VISUAL STUDIO 2010\PROJECTS\CHESS\DEBUG\PLAYER.OBJ
C:\USERS\PMILLER\DOCUMENTS\VISUAL STUDIO 2010\PROJECTS\CHESS\DEBUG\QUEEN.OBJ
C:\Users\pmiller\Documents\Visual Studio 2010\Projects\Chess\Debug\rc.command.1.tlog
C:\Users\pmiller\Documents\Visual Studio 2010\Projects\Chess\Debug\rc.read.1.tlog
C:\Users\pmiller\Documents\Visual Studio 2010\Projects\Chess\Debug\rc.write.1.tlog
C:\USERS\PMILLER\DOCUMENTS\VISUAL STUDIO 2010\PROJECTS\CHESS\DEBUG\ROOK.OBJ
C:\USERS\PMILLER\DOCUMENTS\VISUAL STUDIO 2010\PROJECTS\CHESS\DEBUG\STDAFX.OBJ
C:\USERS\PMILLER\DOCUMENTS\VISUAL STUDIO 2010\PROJECTS\CHESS\DEBUG\TILE.OBJ
C:\Users\pmiller\Documents\Visual Studio 2010\Projects\Chess\Debug\vc100.idb
C:\USERS\PMILLER\DOCUMENTS\VISUAL STUDIO 2010\PROJECTS\CHESS\DEBUG\VC100.PDB
