D:\PlaygroundProjects\Evo\Debug\cl.command.1.tlog
D:\PlaygroundProjects\Evo\Debug\CL.read.1.tlog
D:\PlaygroundProjects\Evo\Debug\CL.write.1.tlog
D:\PLAYGROUNDPROJECTS\EVO\DEBUG\EVOBLENDSTATE.OBJ
D:\PLAYGROUNDPROJECTS\EVO\DEBUG\EVOBUFFER.OBJ
D:\PLAYGROUNDPROJECTS\EVO\DEBUG\EVOCAMERA.OBJ
D:\PLAYGROUNDPROJECTS\EVO\DEBUG\EVOCOLOR.OBJ
D:\PLAYGROUNDPROJECTS\EVO\DEBUG\EVODEPTHSTENCILSTATE.OBJ
D:\PLAYGROUNDPROJECTS\EVO\DEBUG\EVODX9BUFFERMANAGER.OBJ
D:\PLAYGROUNDPROJECTS\EVO\DEBUG\EVODX9RENDERER.OBJ
D:\PLAYGROUNDPROJECTS\EVO\DEBUG\EVOENGINE.OBJ
D:\PLAYGROUNDPROJECTS\EVO\DEBUG\EVOFILE.OBJ
D:\PLAYGROUNDPROJECTS\EVO\DEBUG\EVOFONT.OBJ
D:\PLAYGROUNDPROJECTS\EVO\DEBUG\EVOGUI.OBJ
D:\PLAYGROUNDPROJECTS\EVO\DEBUG\EVOGUIRECTWIDGET.OBJ
D:\PLAYGROUNDPROJECTS\EVO\DEBUG\EVOGUITEXTWIDGET.OBJ
D:\PLAYGROUNDPROJECTS\EVO\DEBUG\EVOINPUT.OBJ
D:\PLAYGROUNDPROJECTS\EVO\DEBUG\EVOINPUTELEMENTS.OBJ
D:\PLAYGROUNDPROJECTS\EVO\DEBUG\EVOINPUTLAYOUT.OBJ
D:\PLAYGROUNDPROJECTS\EVO\DEBUG\EVOINPUTLAYOUTMANAGER.OBJ
D:\PLAYGROUNDPROJECTS\EVO\DEBUG\EVOLINE.OBJ
D:\PLAYGROUNDPROJECTS\EVO\DEBUG\EVOMATERIAL.OBJ
D:\PLAYGROUNDPROJECTS\EVO\DEBUG\EVONODE.OBJ
D:\PLAYGROUNDPROJECTS\EVO\DEBUG\EVOPARSER.OBJ
D:\PLAYGROUNDPROJECTS\EVO\DEBUG\EVOPOINT3.OBJ
D:\PLAYGROUNDPROJECTS\EVO\DEBUG\EVOPOINT4.OBJ
D:\PLAYGROUNDPROJECTS\EVO\DEBUG\EVORENDERABLE.OBJ
D:\PLAYGROUNDPROJECTS\EVO\DEBUG\EVORENDERTARGET.OBJ
D:\PLAYGROUNDPROJECTS\EVO\DEBUG\EVORESOURCEMANAGER.OBJ
D:\PLAYGROUNDPROJECTS\EVO\DEBUG\EVOSHADER_DX9.OBJ
D:\PLAYGROUNDPROJECTS\EVO\DEBUG\EVOSTDAFX.OBJ
D:\PLAYGROUNDPROJECTS\EVO\DEBUG\EVOSTRING.OBJ
D:\PLAYGROUNDPROJECTS\EVO\DEBUG\EVOTASK.OBJ
D:\PLAYGROUNDPROJECTS\EVO\DEBUG\EVOTASKMANAGER.OBJ
D:\PLAYGROUNDPROJECTS\EVO\DEBUG\EVOTEXTURE.OBJ
D:\PLAYGROUNDPROJECTS\EVO\DEBUG\EVOTIMER.OBJ
D:\PlaygroundProjects\Evo\Debug\lib.command.1.tlog
D:\PlaygroundProjects\Evo\Debug\Lib-link.read.1.tlog
D:\PlaygroundProjects\Evo\Debug\Lib-link.write.1.tlog
D:\PlaygroundProjects\Evo\Debug\vc100.idb
D:\PLAYGROUNDPROJECTS\EVO\DEBUG\VC100.PDB
D:\PLAYGROUNDPROJECTS\EVO\LIB\EVO.LIB
